<?xml version="1.0" encoding="UTF-8"?>
<testng-results ignored="0" total="1" passed="1" failed="0" skipped="0">
  <reporter-output>
  </reporter-output>
  <suite started-at="2023-05-09T19:47:49 CEST" name="Default suite" finished-at="2023-05-09T19:48:37 CEST" duration-ms="47284">
    <groups>
    </groups>
    <test started-at="2023-05-09T19:47:49 CEST" name="Default test" finished-at="2023-05-09T19:48:37 CEST" duration-ms="47284">
      <class name="vuelingTests.HomePage">
        <test-method is-config="true" signature="setUp()[pri:0, instance:vuelingTests.HomePage@6892b3b6]" started-at="2023-05-09T19:47:49 CEST" name="setUp" finished-at="2023-05-09T19:47:52 CEST" duration-ms="2968" status="PASS">
          <reporter-output>
          </reporter-output>
        </test-method> <!-- setUp -->
        <test-method is-config="true" signature="setUp()[pri:0, instance:vuelingTests.HomePage@6892b3b6]" started-at="2023-05-09T19:47:52 CEST" name="setUp" finished-at="2023-05-09T19:47:54 CEST" duration-ms="1235" status="PASS">
          <reporter-output>
          </reporter-output>
        </test-method> <!-- setUp -->
        <test-method signature="homPage()[pri:0, instance:vuelingTests.HomePage@6892b3b6]" started-at="2023-05-09T19:47:54 CEST" name="homPage" finished-at="2023-05-09T19:48:37 CEST" duration-ms="43003" status="PASS">
          <reporter-output>
          </reporter-output>
        </test-method> <!-- homPage -->
      </class> <!-- vuelingTests.HomePage -->
    </test> <!-- Default test -->
  </suite> <!-- Default suite -->
</testng-results>
